<?xml version="1.0" encoding="UTF-8"?>
<!-- Generated by org.testng.reporters.JUnitXMLReporter -->
<testsuite ignored="0" hostname="Nilay" failures="0" tests="3" name="Test" time="12.0" errors="0" timestamp="2024-08-10T23:49:56 BST">
  <testcase classname="swag.Testcases.LoginVerification" name="verifygoodluckpage" time="0.771"/>
  <testcase classname="swag.Testcases.OrderMultipleItems" name="orderMultipleItems" time="2.749"/>
  <testcase classname="swag.Testcases.SubmitOrder" name="submitOrder" time="1.777"/>
</testsuite> <!-- Test -->
