<?xml version="1.0" encoding="UTF-8"?>
<!-- Generated by org.testng.reporters.JUnitXMLReporter -->
<testsuite ignored="0" hostname="Nilay" failures="0" tests="3" name="Test" time="10.24" errors="0" timestamp="2024-08-28T00:02:48 BST">
  <testcase classname="swag.Testcases.LoginVerification" name="verifygoodluckpage" time="0.802"/>
  <testcase classname="swag.Testcases.OrderMultipleItems" name="orderMultipleItems" time="1.784"/>
  <testcase classname="swag.Testcases.SubmitOrder" name="submitOrder" time="1.559"/>
</testsuite> <!-- Test -->
