<?xml version="1.0" encoding="UTF-8"?>
<testng-results ignored="0" total="1" passed="1" failed="0" skipped="0">
  <reporter-output>
  </reporter-output>
  <suite started-at="2024-07-14T12:41:08 BST" name="Default suite" finished-at="2024-07-14T12:41:13 BST" duration-ms="5218">
    <groups>
    </groups>
    <test started-at="2024-07-14T12:41:08 BST" name="Default test" finished-at="2024-07-14T12:41:13 BST" duration-ms="5218">
      <class name="swag.Testcases.LoginVerification">
        <test-method is-config="true" signature="setUp()[pri:0, instance:swag.Testcases.LoginVerification@33065d67]" started-at="2024-07-14T12:41:08 BST" name="setUp" finished-at="2024-07-14T12:41:13 BST" duration-ms="4658" status="PASS">
          <reporter-output>
          </reporter-output>
        </test-method> <!-- setUp -->
        <test-method is-config="true" signature="Setup()[pri:0, instance:swag.Testcases.LoginVerification@33065d67]" started-at="2024-07-14T12:41:13 BST" name="Setup" finished-at="2024-07-14T12:41:13 BST" duration-ms="1" status="PASS">
          <reporter-output>
          </reporter-output>
        </test-method> <!-- Setup -->
        <test-method signature="verifygoodluckpage()[pri:0, instance:swag.Testcases.LoginVerification@33065d67]" started-at="2024-07-14T12:41:13 BST" name="verifygoodluckpage" finished-at="2024-07-14T12:41:13 BST" duration-ms="329" status="PASS">
          <reporter-output>
          </reporter-output>
        </test-method> <!-- verifygoodluckpage -->
        <test-method is-config="true" signature="tearDown()[pri:0, instance:swag.Testcases.LoginVerification@33065d67]" started-at="2024-07-14T12:41:13 BST" name="tearDown" finished-at="2024-07-14T12:41:13 BST" duration-ms="184" status="PASS">
          <reporter-output>
          </reporter-output>
        </test-method> <!-- tearDown -->
      </class> <!-- swag.Testcases.LoginVerification -->
    </test> <!-- Default test -->
  </suite> <!-- Default suite -->
</testng-results>
